0 info it worked if it ends with ok
1 verbose cli [ '/usr/local/bin/node',
1 verbose cli   '/usr/local/bin/npm',
1 verbose cli   'publish',
1 verbose cli   'node-red-contrib-slt' ]
2 info using npm@1.4.28
3 info using node@v0.10.36
4 verbose node symlink /usr/local/bin/node
5 verbose publish [ 'node-red-contrib-slt' ]
6 verbose cache add [ 'node-red-contrib-slt', null ]
7 verbose cache add name=undefined spec="node-red-contrib-slt" args=["node-red-contrib-slt",null]
8 verbose parsed url { protocol: null,
8 verbose parsed url   slashes: null,
8 verbose parsed url   auth: null,
8 verbose parsed url   host: null,
8 verbose parsed url   port: null,
8 verbose parsed url   hostname: null,
8 verbose parsed url   hash: null,
8 verbose parsed url   search: null,
8 verbose parsed url   query: null,
8 verbose parsed url   pathname: 'node-red-contrib-slt',
8 verbose parsed url   path: 'node-red-contrib-slt',
8 verbose parsed url   href: 'node-red-contrib-slt' }
9 silly lockFile b940c68a-node-red-contrib-slt node-red-contrib-slt
10 verbose lock node-red-contrib-slt /Users/elaval/.npm/b940c68a-node-red-contrib-slt.lock
11 silly lockFile b940c68a-node-red-contrib-slt node-red-contrib-slt
12 silly lockFile b940c68a-node-red-contrib-slt node-red-contrib-slt
13 verbose addNamed [ 'node-red-contrib-slt', '' ]
14 verbose addNamed [ null, '*' ]
15 silly lockFile 0dd26d5f-node-red-contrib-slt node-red-contrib-slt@
16 verbose lock node-red-contrib-slt@ /Users/elaval/.npm/0dd26d5f-node-red-contrib-slt.lock
17 silly addNameRange { name: 'node-red-contrib-slt', range: '*', hasData: false }
18 verbose request where is /node-red-contrib-slt
19 verbose request registry https://registry.npmjs.org/
20 verbose request id b1b7a843e55879ce
21 verbose url raw /node-red-contrib-slt
22 verbose url resolving [ 'https://registry.npmjs.org/', './node-red-contrib-slt' ]
23 verbose url resolved https://registry.npmjs.org/node-red-contrib-slt
24 verbose request where is https://registry.npmjs.org/node-red-contrib-slt
25 info trying registry request attempt 1 at 13:03:49
26 http GET https://registry.npmjs.org/node-red-contrib-slt
27 http 404 https://registry.npmjs.org/node-red-contrib-slt
28 verbose headers { server: 'CouchDB/1.5.0 (Erlang OTP/R16B03)',
28 verbose headers   'content-type': 'application/json',
28 verbose headers   'cache-control': 'max-age=0',
28 verbose headers   'content-length': '51',
28 verbose headers   'accept-ranges': 'bytes',
28 verbose headers   date: 'Tue, 05 May 2015 12:03:50 GMT',
28 verbose headers   via: '1.1 varnish',
28 verbose headers   age: '0',
28 verbose headers   connection: 'keep-alive',
28 verbose headers   'x-served-by': 'cache-lhr6324-LHR',
28 verbose headers   'x-cache': 'MISS',
28 verbose headers   'x-cache-hits': '0',
28 verbose headers   'x-timer': 'S1430827429.409449,VS0,VE649' }
29 silly registry.get cb [ 404,
29 silly registry.get   { server: 'CouchDB/1.5.0 (Erlang OTP/R16B03)',
29 silly registry.get     'content-type': 'application/json',
29 silly registry.get     'cache-control': 'max-age=0',
29 silly registry.get     'content-length': '51',
29 silly registry.get     'accept-ranges': 'bytes',
29 silly registry.get     date: 'Tue, 05 May 2015 12:03:50 GMT',
29 silly registry.get     via: '1.1 varnish',
29 silly registry.get     age: '0',
29 silly registry.get     connection: 'keep-alive',
29 silly registry.get     'x-served-by': 'cache-lhr6324-LHR',
29 silly registry.get     'x-cache': 'MISS',
29 silly registry.get     'x-cache-hits': '0',
29 silly registry.get     'x-timer': 'S1430827429.409449,VS0,VE649' } ]
30 silly lockFile 0dd26d5f-node-red-contrib-slt node-red-contrib-slt@
31 silly lockFile 0dd26d5f-node-red-contrib-slt node-red-contrib-slt@
32 error 404 404 Not Found: node-red-contrib-slt
32 error 404
32 error 404 'node-red-contrib-slt' is not in the npm registry.
32 error 404 You should bug the author to publish it
32 error 404
32 error 404 Maybe try 'npm search red contrib slt'
32 error 404
32 error 404 Note that you can also install from a
32 error 404 tarball, folder, or http url, or git url.
33 error System Darwin 14.1.0
34 error command "/usr/local/bin/node" "/usr/local/bin/npm" "publish" "node-red-contrib-slt"
35 error cwd /Users/elaval/Documents/TIDE Exploraciones/Node-red/tide-modules/node-red-contrib-slt
36 error node -v v0.10.36
37 error npm -v 1.4.28
38 error code E404
39 verbose exit [ 1, true ]
